E, [2017-08-15T09:13:40.895090 #84345] ERROR -- Kitchen: ------Exception-------
E, [2017-08-15T09:13:40.895166 #84345] ERROR -- Kitchen: Class: Kitchen::UserError
E, [2017-08-15T09:13:40.895210 #84345] ERROR -- Kitchen: Message: Kitchen YAML file /Users/someara/src/someara/dokken-images/ubuntu-16.04/.kitchen.yml does not exist.
E, [2017-08-15T09:13:40.895231 #84345] ERROR -- Kitchen: ----------------------
E, [2017-08-15T09:13:40.895240 #84345] ERROR -- Kitchen: ------Backtrace-------
E, [2017-08-15T09:13:40.895248 #84345] ERROR -- Kitchen: /opt/chefdk/embedded/lib/ruby/gems/2.4.0/gems/test-kitchen-1.16.0/lib/kitchen/loader/yaml.rb:71:in `read'
E, [2017-08-15T09:13:40.895257 #84345] ERROR -- Kitchen: /opt/chefdk/embedded/lib/ruby/gems/2.4.0/gems/test-kitchen-1.16.0/lib/kitchen/config.rb:152:in `data'
E, [2017-08-15T09:13:40.895274 #84345] ERROR -- Kitchen: /opt/chefdk/embedded/lib/ruby/gems/2.4.0/gems/test-kitchen-1.16.0/lib/kitchen/config.rb:131:in `suites'
E, [2017-08-15T09:13:40.895293 #84345] ERROR -- Kitchen: /opt/chefdk/embedded/lib/ruby/gems/2.4.0/gems/test-kitchen-1.16.0/lib/kitchen/config.rb:182:in `filter_instances'
E, [2017-08-15T09:13:40.895302 #84345] ERROR -- Kitchen: /opt/chefdk/embedded/lib/ruby/gems/2.4.0/gems/test-kitchen-1.16.0/lib/kitchen/config.rb:141:in `build_instances'
E, [2017-08-15T09:13:40.895310 #84345] ERROR -- Kitchen: /opt/chefdk/embedded/lib/ruby/gems/2.4.0/gems/test-kitchen-1.16.0/lib/kitchen/config.rb:117:in `instances'
E, [2017-08-15T09:13:40.895318 #84345] ERROR -- Kitchen: /opt/chefdk/embedded/lib/ruby/gems/2.4.0/gems/test-kitchen-1.16.0/lib/kitchen/command.rb:112:in `filtered_instances'
E, [2017-08-15T09:13:40.895326 #84345] ERROR -- Kitchen: /opt/chefdk/embedded/lib/ruby/gems/2.4.0/gems/test-kitchen-1.16.0/lib/kitchen/command.rb:142:in `parse_subcommand'
E, [2017-08-15T09:13:40.895334 #84345] ERROR -- Kitchen: /opt/chefdk/embedded/lib/ruby/gems/2.4.0/gems/test-kitchen-1.16.0/lib/kitchen/command/list.rb:30:in `call'
E, [2017-08-15T09:13:40.895342 #84345] ERROR -- Kitchen: /opt/chefdk/embedded/lib/ruby/gems/2.4.0/gems/test-kitchen-1.16.0/lib/kitchen/cli.rb:53:in `perform'
E, [2017-08-15T09:13:40.895350 #84345] ERROR -- Kitchen: /opt/chefdk/embedded/lib/ruby/gems/2.4.0/gems/test-kitchen-1.16.0/lib/kitchen/cli.rb:121:in `list'
E, [2017-08-15T09:13:40.895358 #84345] ERROR -- Kitchen: /opt/chefdk/embedded/lib/ruby/gems/2.4.0/gems/thor-0.19.1/lib/thor/command.rb:27:in `run'
E, [2017-08-15T09:13:40.895366 #84345] ERROR -- Kitchen: /opt/chefdk/embedded/lib/ruby/gems/2.4.0/gems/thor-0.19.1/lib/thor/invocation.rb:126:in `invoke_command'
E, [2017-08-15T09:13:40.895374 #84345] ERROR -- Kitchen: /opt/chefdk/embedded/lib/ruby/gems/2.4.0/gems/test-kitchen-1.16.0/lib/kitchen/cli.rb:334:in `invoke_task'
E, [2017-08-15T09:13:40.895383 #84345] ERROR -- Kitchen: /opt/chefdk/embedded/lib/ruby/gems/2.4.0/gems/thor-0.19.1/lib/thor.rb:359:in `dispatch'
E, [2017-08-15T09:13:40.895419 #84345] ERROR -- Kitchen: /opt/chefdk/embedded/lib/ruby/gems/2.4.0/gems/thor-0.19.1/lib/thor/base.rb:440:in `start'
E, [2017-08-15T09:13:40.895428 #84345] ERROR -- Kitchen: /opt/chefdk/embedded/lib/ruby/gems/2.4.0/gems/test-kitchen-1.16.0/bin/kitchen:13:in `block in <top (required)>'
E, [2017-08-15T09:13:40.895436 #84345] ERROR -- Kitchen: /opt/chefdk/embedded/lib/ruby/gems/2.4.0/gems/test-kitchen-1.16.0/lib/kitchen/errors.rb:171:in `with_friendly_errors'
E, [2017-08-15T09:13:40.895444 #84345] ERROR -- Kitchen: /opt/chefdk/embedded/lib/ruby/gems/2.4.0/gems/test-kitchen-1.16.0/bin/kitchen:13:in `<top (required)>'
E, [2017-08-15T09:13:40.895452 #84345] ERROR -- Kitchen: /opt/chefdk/bin/kitchen:263:in `load'
E, [2017-08-15T09:13:40.895459 #84345] ERROR -- Kitchen: /opt/chefdk/bin/kitchen:263:in `<main>'
E, [2017-08-15T09:13:40.895466 #84345] ERROR -- Kitchen: ----End Backtrace-----
